[  +25 ms] executing: sysctl hw.optional.arm64
[   +4 ms] Exit code 0 from: sysctl hw.optional.arm64
[        ] hw.optional.arm64: 1
[   +2 ms] Artifact Instance of 'MaterialFonts' is not required, skipping update.
[        ] Artifact Instance of 'GradleWrapper' is not required, skipping update.
[        ] Artifact Instance of 'AndroidGenSnapshotArtifacts' is not required, skipping update.
[        ] Artifact Instance of 'AndroidInternalBuildArtifacts' is not required, skipping update.
[        ] Artifact Instance of 'IOSEngineArtifacts' is not required, skipping update.
[        ] Artifact Instance of 'FlutterWebSdk' is not required, skipping update.
[        ] Artifact Instance of 'LegacyCanvasKitRemover' is not required, skipping update.
[        ] Artifact Instance of 'FlutterSdk' is not required, skipping update.
[        ] Artifact Instance of 'WindowsEngineArtifacts' is not required, skipping update.
[        ] Artifact Instance of 'MacOSEngineArtifacts' is not required, skipping update.
[        ] Artifact Instance of 'LinuxEngineArtifacts' is not required, skipping update.
[        ] Artifact Instance of 'LinuxFuchsiaSDKArtifacts' is not required, skipping update.
[        ] Artifact Instance of 'MacOSFuchsiaSDKArtifacts' is not required, skipping update.
[        ] Artifact Instance of 'FlutterRunnerSDKArtifacts' is not required, skipping update.
[        ] Artifact Instance of 'FlutterRunnerDebugSymbols' is not required, skipping update.
[        ] Artifact Instance of 'IosUsbArtifacts' is not required, skipping update.
[        ] Artifact Instance of 'IosUsbArtifacts' is not required, skipping update.
[        ] Artifact Instance of 'IosUsbArtifacts' is not required, skipping update.
[        ] Artifact Instance of 'IosUsbArtifacts' is not required, skipping update.
[        ] Artifact Instance of 'IosUsbArtifacts' is not required, skipping update.
[        ] Artifact Instance of 'IosUsbArtifacts' is not required, skipping update.
[        ] Artifact Instance of 'FontSubsetArtifacts' is not required, skipping update.
[        ] Artifact Instance of 'PubDependencies' is not required, skipping update.
[        ] executing: [/Users/anmijung/Desktop/TalkBingo/app/flutter/] git -c log.showSignature=false log HEAD -n 1 --pretty=format:%ad --date=iso
[  +16 ms] Exit code 0 from: git -c log.showSignature=false log HEAD -n 1 --pretty=format:%ad --date=iso
[        ] 2025-12-11 11:50:07 -0500
[   +5 ms] Artifact Instance of 'AndroidGenSnapshotArtifacts' is not required, skipping update.
[        ] Artifact Instance of 'AndroidInternalBuildArtifacts' is not required, skipping update.
[        ] Artifact Instance of 'IOSEngineArtifacts' is not required, skipping update.
[        ] Artifact Instance of 'FlutterWebSdk' is not required, skipping update.
[        ] Artifact Instance of 'FlutterEngineStamp' is not required, skipping update.
[        ] Artifact Instance of 'LegacyCanvasKitRemover' is not required, skipping update.
[        ] Artifact Instance of 'WindowsEngineArtifacts' is not required, skipping update.
[        ] Artifact Instance of 'MacOSEngineArtifacts' is not required, skipping update.
[        ] Artifact Instance of 'LinuxEngineArtifacts' is not required, skipping update.
[        ] Artifact Instance of 'LinuxFuchsiaSDKArtifacts' is not required, skipping update.
[        ] Artifact Instance of 'MacOSFuchsiaSDKArtifacts' is not required, skipping update.
[        ] Artifact Instance of 'FlutterRunnerSDKArtifacts' is not required, skipping update.
[        ] Artifact Instance of 'FlutterRunnerDebugSymbols' is not required, skipping update.
[  +14 ms] Artifact Instance of 'MaterialFonts' is not required, skipping update.
[        ] Artifact Instance of 'GradleWrapper' is not required, skipping update.
[        ] Artifact Instance of 'AndroidGenSnapshotArtifacts' is not required, skipping update.
[        ] Artifact Instance of 'AndroidInternalBuildArtifacts' is not required, skipping update.
[        ] Artifact Instance of 'IOSEngineArtifacts' is not required, skipping update.
[        ] Artifact Instance of 'FlutterEngineStamp' is not required, skipping update.
[        ] Artifact Instance of 'FlutterSdk' is not required, skipping update.
[        ] Artifact Instance of 'WindowsEngineArtifacts' is not required, skipping update.
[   +2 ms] Artifact Instance of 'MacOSEngineArtifacts' is not required, skipping update.
[        ] Artifact Instance of 'LinuxEngineArtifacts' is not required, skipping update.
[        ] Artifact Instance of 'LinuxFuchsiaSDKArtifacts' is not required, skipping update.
[        ] Artifact Instance of 'MacOSFuchsiaSDKArtifacts' is not required, skipping update.
[        ] Artifact Instance of 'FlutterRunnerSDKArtifacts' is not required, skipping update.
[        ] Artifact Instance of 'FlutterRunnerDebugSymbols' is not required, skipping update.
[        ] Artifact Instance of 'IosUsbArtifacts' is not required, skipping update.
[        ] Artifact Instance of 'IosUsbArtifacts' is not required, skipping update.
[        ] Artifact Instance of 'IosUsbArtifacts' is not required, skipping update.
[        ] Artifact Instance of 'IosUsbArtifacts' is not required, skipping update.
[        ] Artifact Instance of 'IosUsbArtifacts' is not required, skipping update.
[        ] Artifact Instance of 'IosUsbArtifacts' is not required, skipping update.
[        ] Artifact Instance of 'FontSubsetArtifacts' is not required, skipping update.
[        ] Artifact Instance of 'PubDependencies' is not required, skipping update.
[   +8 ms] Skipping pub get: version match.
[  +64 ms] Found plugin url_launcher at /Users/anmijung/.pub-cache/hosted/pub.dev/url_launcher-6.3.2/
[   +2 ms] Found plugin url_launcher_windows at /Users/anmijung/.pub-cache/hosted/pub.dev/url_launcher_windows-3.1.5/
[   +2 ms] Found plugin url_launcher_web at /Users/anmijung/.pub-cache/hosted/pub.dev/url_launcher_web-2.4.1/
[   +1 ms] Found plugin url_launcher_macos at /Users/anmijung/.pub-cache/hosted/pub.dev/url_launcher_macos-3.2.5/
[        ] Found plugin url_launcher_linux at /Users/anmijung/.pub-cache/hosted/pub.dev/url_launcher_linux-3.2.2/
[   +1 ms] Found plugin url_launcher_ios at /Users/anmijung/.pub-cache/hosted/pub.dev/url_launcher_ios-6.3.6/
[        ] Found plugin url_launcher_android at /Users/anmijung/.pub-cache/hosted/pub.dev/url_launcher_android-6.3.28/
[   +7 ms] Found plugin shared_preferences at /Users/anmijung/.pub-cache/hosted/pub.dev/shared_preferences-2.5.3/
[        ] Found plugin shared_preferences_windows at /Users/anmijung/.pub-cache/hosted/pub.dev/shared_preferences_windows-2.4.1/
[   +1 ms] Found plugin path_provider_windows at /Users/anmijung/.pub-cache/hosted/pub.dev/path_provider_windows-2.3.0/
[   +2 ms] Found plugin shared_preferences_web at /Users/anmijung/.pub-cache/hosted/pub.dev/shared_preferences_web-2.4.3/
[        ] Found plugin shared_preferences_linux at /Users/anmijung/.pub-cache/hosted/pub.dev/shared_preferences_linux-2.4.1/
[   +1 ms] Found plugin path_provider_linux at /Users/anmijung/.pub-cache/hosted/pub.dev/path_provider_linux-2.2.1/
[   +1 ms] Found plugin shared_preferences_foundation at /Users/anmijung/.pub-cache/hosted/pub.dev/shared_preferences_foundation-2.5.6/
[        ] Found plugin shared_preferences_android at /Users/anmijung/.pub-cache/hosted/pub.dev/shared_preferences_android-2.4.17/
[        ] Found plugin path_provider at /Users/anmijung/.pub-cache/hosted/pub.dev/path_provider-2.1.5/
[        ] Found plugin path_provider_foundation at /Users/anmijung/.pub-cache/hosted/pub.dev/path_provider_foundation-2.5.1/
[        ] Found plugin path_provider_android at /Users/anmijung/.pub-cache/hosted/pub.dev/path_provider_android-2.2.22/
[        ] Found plugin app_links at /Users/anmijung/.pub-cache/hosted/pub.dev/app_links-6.4.1/
[        ] Found plugin app_links_web at /Users/anmijung/.pub-cache/hosted/pub.dev/app_links_web-1.0.4/
[   +1 ms] Found plugin app_links_linux at /Users/anmijung/.pub-cache/hosted/pub.dev/app_links_linux-1.0.3/
[        ] Found plugin gtk at /Users/anmijung/.pub-cache/hosted/pub.dev/gtk-2.1.0/
[        ] Found plugin share_plus at /Users/anmijung/.pub-cache/hosted/pub.dev/share_plus-10.0.0/
[   +5 ms] Found plugin google_mobile_ads at /Users/anmijung/.pub-cache/hosted/pub.dev/google_mobile_ads-5.3.1/
[        ] Found plugin webview_flutter_wkwebview at /Users/anmijung/.pub-cache/hosted/pub.dev/webview_flutter_wkwebview-3.23.5/
[   +1 ms] Found plugin webview_flutter_android at /Users/anmijung/.pub-cache/hosted/pub.dev/webview_flutter_android-4.10.11/
[        ] Found plugin webview_flutter at /Users/anmijung/.pub-cache/hosted/pub.dev/webview_flutter-4.13.0/
[  +34 ms] Found plugin url_launcher at /Users/anmijung/.pub-cache/hosted/pub.dev/url_launcher-6.3.2/
[        ] Found plugin url_launcher_windows at /Users/anmijung/.pub-cache/hosted/pub.dev/url_launcher_windows-3.1.5/
[        ] Found plugin url_launcher_web at /Users/anmijung/.pub-cache/hosted/pub.dev/url_launcher_web-2.4.1/
[        ] Found plugin url_launcher_macos at /Users/anmijung/.pub-cache/hosted/pub.dev/url_launcher_macos-3.2.5/
[        ] Found plugin url_launcher_linux at /Users/anmijung/.pub-cache/hosted/pub.dev/url_launcher_linux-3.2.2/
[        ] Found plugin url_launcher_ios at /Users/anmijung/.pub-cache/hosted/pub.dev/url_launcher_ios-6.3.6/
[        ] Found plugin url_launcher_android at /Users/anmijung/.pub-cache/hosted/pub.dev/url_launcher_android-6.3.28/
[   +2 ms] Found plugin shared_preferences at /Users/anmijung/.pub-cache/hosted/pub.dev/shared_preferences-2.5.3/
[        ] Found plugin shared_preferences_windows at /Users/anmijung/.pub-cache/hosted/pub.dev/shared_preferences_windows-2.4.1/
[        ] Found plugin path_provider_windows at /Users/anmijung/.pub-cache/hosted/pub.dev/path_provider_windows-2.3.0/
[   +1 ms] Found plugin shared_preferences_web at /Users/anmijung/.pub-cache/hosted/pub.dev/shared_preferences_web-2.4.3/
[        ] Found plugin shared_preferences_linux at /Users/anmijung/.pub-cache/hosted/pub.dev/shared_preferences_linux-2.4.1/
[        ] Found plugin path_provider_linux at /Users/anmijung/.pub-cache/hosted/pub.dev/path_provider_linux-2.2.1/
[        ] Found plugin shared_preferences_foundation at /Users/anmijung/.pub-cache/hosted/pub.dev/shared_preferences_foundation-2.5.6/
[        ] Found plugin shared_preferences_android at /Users/anmijung/.pub-cache/hosted/pub.dev/shared_preferences_android-2.4.17/
[        ] Found plugin path_provider at /Users/anmijung/.pub-cache/hosted/pub.dev/path_provider-2.1.5/
[        ] Found plugin path_provider_foundation at /Users/anmijung/.pub-cache/hosted/pub.dev/path_provider_foundation-2.5.1/
[        ] Found plugin path_provider_android at /Users/anmijung/.pub-cache/hosted/pub.dev/path_provider_android-2.2.22/
[        ] Found plugin app_links at /Users/anmijung/.pub-cache/hosted/pub.dev/app_links-6.4.1/
[        ] Found plugin app_links_web at /Users/anmijung/.pub-cache/hosted/pub.dev/app_links_web-1.0.4/
[        ] Found plugin app_links_linux at /Users/anmijung/.pub-cache/hosted/pub.dev/app_links_linux-1.0.3/
[        ] Found plugin gtk at /Users/anmijung/.pub-cache/hosted/pub.dev/gtk-2.1.0/
[        ] Found plugin share_plus at /Users/anmijung/.pub-cache/hosted/pub.dev/share_plus-10.0.0/
[   +1 ms] Found plugin google_mobile_ads at /Users/anmijung/.pub-cache/hosted/pub.dev/google_mobile_ads-5.3.1/
[        ] Found plugin webview_flutter_wkwebview at /Users/anmijung/.pub-cache/hosted/pub.dev/webview_flutter_wkwebview-3.23.5/
[        ] Found plugin webview_flutter_android at /Users/anmijung/.pub-cache/hosted/pub.dev/webview_flutter_android-4.10.11/
[        ] Found plugin webview_flutter at /Users/anmijung/.pub-cache/hosted/pub.dev/webview_flutter-4.13.0/
[   +7 ms] Skipping generating web_plugin_registrant.dart because it is up-to-date.
[  +13 ms] Found plugin url_launcher at /Users/anmijung/.pub-cache/hosted/pub.dev/url_launcher-6.3.2/
[        ] Found plugin url_launcher_windows at /Users/anmijung/.pub-cache/hosted/pub.dev/url_launcher_windows-3.1.5/
[        ] Found plugin url_launcher_web at /Users/anmijung/.pub-cache/hosted/pub.dev/url_launcher_web-2.4.1/
[        ] Found plugin url_launcher_macos at /Users/anmijung/.pub-cache/hosted/pub.dev/url_launcher_macos-3.2.5/
[        ] Found plugin url_launcher_linux at /Users/anmijung/.pub-cache/hosted/pub.dev/url_launcher_linux-3.2.2/
[        ] Found plugin url_launcher_ios at /Users/anmijung/.pub-cache/hosted/pub.dev/url_launcher_ios-6.3.6/
[        ] Found plugin url_launcher_android at /Users/anmijung/.pub-cache/hosted/pub.dev/url_launcher_android-6.3.28/
[   +1 ms] Found plugin shared_preferences at /Users/anmijung/.pub-cache/hosted/pub.dev/shared_preferences-2.5.3/
[        ] Found plugin shared_preferences_windows at /Users/anmijung/.pub-cache/hosted/pub.dev/shared_preferences_windows-2.4.1/
[        ] Found plugin path_provider_windows at /Users/anmijung/.pub-cache/hosted/pub.dev/path_provider_windows-2.3.0/
[        ] Found plugin shared_preferences_web at /Users/anmijung/.pub-cache/hosted/pub.dev/shared_preferences_web-2.4.3/
[        ] Found plugin shared_preferences_linux at /Users/anmijung/.pub-cache/hosted/pub.dev/shared_preferences_linux-2.4.1/
[        ] Found plugin path_provider_linux at /Users/anmijung/.pub-cache/hosted/pub.dev/path_provider_linux-2.2.1/
[        ] Found plugin shared_preferences_foundation at /Users/anmijung/.pub-cache/hosted/pub.dev/shared_preferences_foundation-2.5.6/
[        ] Found plugin shared_preferences_android at /Users/anmijung/.pub-cache/hosted/pub.dev/shared_preferences_android-2.4.17/
[        ] Found plugin path_provider at /Users/anmijung/.pub-cache/hosted/pub.dev/path_provider-2.1.5/
[        ] Found plugin path_provider_foundation at /Users/anmijung/.pub-cache/hosted/pub.dev/path_provider_foundation-2.5.1/
[        ] Found plugin path_provider_android at /Users/anmijung/.pub-cache/hosted/pub.dev/path_provider_android-2.2.22/
[        ] Found plugin app_links at /Users/anmijung/.pub-cache/hosted/pub.dev/app_links-6.4.1/
[        ] Found plugin app_links_web at /Users/anmijung/.pub-cache/hosted/pub.dev/app_links_web-1.0.4/
[        ] Found plugin app_links_linux at /Users/anmijung/.pub-cache/hosted/pub.dev/app_links_linux-1.0.3/
[        ] Found plugin gtk at /Users/anmijung/.pub-cache/hosted/pub.dev/gtk-2.1.0/
[        ] Found plugin share_plus at /Users/anmijung/.pub-cache/hosted/pub.dev/share_plus-10.0.0/
[   +1 ms] Found plugin google_mobile_ads at /Users/anmijung/.pub-cache/hosted/pub.dev/google_mobile_ads-5.3.1/
[        ] Found plugin webview_flutter_wkwebview at /Users/anmijung/.pub-cache/hosted/pub.dev/webview_flutter_wkwebview-3.23.5/
[        ] Found plugin webview_flutter_android at /Users/anmijung/.pub-cache/hosted/pub.dev/webview_flutter_android-4.10.11/
[        ] Found plugin webview_flutter at /Users/anmijung/.pub-cache/hosted/pub.dev/webview_flutter-4.13.0/
[   +6 ms] Generating /Users/anmijung/Desktop/TalkBingo/app/android/app/src/main/java/io/flutter/plugins/GeneratedPluginRegistrant.java
[        ] Skipping generating GeneratedPluginRegistrant.java because it is up-to-date.
[        ] Skipping generating GeneratedPluginRegistrant.h because it is up-to-date.
[        ] Skipping generating GeneratedPluginRegistrant.m because it is up-to-date.
[        ] Skipping generating GeneratedPluginRegistrant.swift because it is up-to-date.
[   +7 ms] executing: sysctl hw.optional.arm64
[   +2 ms] Exit code 0 from: sysctl hw.optional.arm64
[        ] hw.optional.arm64: 1
[        ] executing: /usr/bin/arch -arm64e xcrun xcodebuild -version
[   +8 ms] Exit code 72 from: /usr/bin/arch -arm64e xcrun xcodebuild -version
[        ] xcrun: error: unable to find utility "xcodebuild", not a developer tool or in PATH
[  +12 ms] executing: /usr/bin/arch -arm64e xcrun xcodebuild -version
[   +8 ms] Exit code 72 from: /usr/bin/arch -arm64e xcrun xcodebuild -version
[        ] xcrun: error: unable to find utility "xcodebuild", not a developer tool or in PATH
[  +43 ms] Found plugin url_launcher at /Users/anmijung/.pub-cache/hosted/pub.dev/url_launcher-6.3.2/
[        ] Found plugin url_launcher_windows at /Users/anmijung/.pub-cache/hosted/pub.dev/url_launcher_windows-3.1.5/
[        ] Found plugin url_launcher_web at /Users/anmijung/.pub-cache/hosted/pub.dev/url_launcher_web-2.4.1/
[        ] Found plugin url_launcher_macos at /Users/anmijung/.pub-cache/hosted/pub.dev/url_launcher_macos-3.2.5/
[        ] Found plugin url_launcher_linux at /Users/anmijung/.pub-cache/hosted/pub.dev/url_launcher_linux-3.2.2/
[        ] Found plugin url_launcher_ios at /Users/anmijung/.pub-cache/hosted/pub.dev/url_launcher_ios-6.3.6/
[        ] Found plugin url_launcher_android at /Users/anmijung/.pub-cache/hosted/pub.dev/url_launcher_android-6.3.28/
[   +2 ms] Found plugin shared_preferences at /Users/anmijung/.pub-cache/hosted/pub.dev/shared_preferences-2.5.3/
[        ] Found plugin shared_preferences_windows at /Users/anmijung/.pub-cache/hosted/pub.dev/shared_preferences_windows-2.4.1/
[        ] Found plugin path_provider_windows at /Users/anmijung/.pub-cache/hosted/pub.dev/path_provider_windows-2.3.0/
[        ] Found plugin shared_preferences_web at /Users/anmijung/.pub-cache/hosted/pub.dev/shared_preferences_web-2.4.3/
[        ] Found plugin shared_preferences_linux at /Users/anmijung/.pub-cache/hosted/pub.dev/shared_preferences_linux-2.4.1/
[        ] Found plugin path_provider_linux at /Users/anmijung/.pub-cache/hosted/pub.dev/path_provider_linux-2.2.1/
[        ] Found plugin shared_preferences_foundation at /Users/anmijung/.pub-cache/hosted/pub.dev/shared_preferences_foundation-2.5.6/
[        ] Found plugin shared_preferences_android at /Users/anmijung/.pub-cache/hosted/pub.dev/shared_preferences_android-2.4.17/
[        ] Found plugin path_provider at /Users/anmijung/.pub-cache/hosted/pub.dev/path_provider-2.1.5/
[        ] Found plugin path_provider_foundation at /Users/anmijung/.pub-cache/hosted/pub.dev/path_provider_foundation-2.5.1/
[        ] Found plugin path_provider_android at /Users/anmijung/.pub-cache/hosted/pub.dev/path_provider_android-2.2.22/
[        ] Found plugin app_links at /Users/anmijung/.pub-cache/hosted/pub.dev/app_links-6.4.1/
[        ] Found plugin app_links_web at /Users/anmijung/.pub-cache/hosted/pub.dev/app_links_web-1.0.4/
[        ] Found plugin app_links_linux at /Users/anmijung/.pub-cache/hosted/pub.dev/app_links_linux-1.0.3/
[        ] Found plugin gtk at /Users/anmijung/.pub-cache/hosted/pub.dev/gtk-2.1.0/
[        ] Found plugin share_plus at /Users/anmijung/.pub-cache/hosted/pub.dev/share_plus-10.0.0/
[   +1 ms] Found plugin google_mobile_ads at /Users/anmijung/.pub-cache/hosted/pub.dev/google_mobile_ads-5.3.1/
[        ] Found plugin webview_flutter_wkwebview at /Users/anmijung/.pub-cache/hosted/pub.dev/webview_flutter_wkwebview-3.23.5/
[        ] Found plugin webview_flutter_android at /Users/anmijung/.pub-cache/hosted/pub.dev/webview_flutter_android-4.10.11/
[        ] Found plugin webview_flutter at /Users/anmijung/.pub-cache/hosted/pub.dev/webview_flutter-4.13.0/
[   +2 ms] generated_plugin_registrant.dart not found. Skipping.
[        ] Compiling lib/main.dart for the Web...
[   +1 ms] Initializing file store
[   +2 ms] Done initializing file store
[  +19 ms] Skipping target: web_entrypoint
[        ] invalidated build due to missing files: /Users/anmijung/Desktop/TalkBingo/app/web/*/index.html, /Users/anmijung/Desktop/TalkBingo/app/web/flutter_bootstrap.js
[        ] Skipping target: dart_build
[        ] Skipping target: gen_localizations
[        ] web_templated_files: Starting due to {InvalidatedReasonKind.outputMissing: The following outputs were missing: /Users/anmijung/Desktop/TalkBingo/app/build/web/*/index.html, InvalidatedReasonKind.inputMissing: The following inputs were missing: /Users/anmijung/Desktop/TalkBingo/app/web/*/index.html,/Users/anmijung/Desktop/TalkBingo/app/web/flutter_bootstrap.js}
[        ] web_static_assets: Starting due to {InvalidatedReasonKind.outputMissing: The following outputs were missing: /Users/anmijung/Desktop/TalkBingo/app/.dart_tool/flutter_build/fb9393a796aa413117491e50c235be6e/flutter.js,/Users/anmijung/Desktop/TalkBingo/app/.dart_tool/flutter_build/fb9393a796aa413117491e50c235be6e/canvaskit/skwasm.js,/Users/anmijung/Desktop/TalkBingo/app/.dart_tool/flutter_build/fb9393a796aa413117491e50c235be6e/canvaskit/skwasm_heavy.js,/Users/anmijung/Desktop/TalkBingo/app/.dart_tool/flutter_build/fb9393a796aa413117491e50c235be6e/canvaskit/skwasm.js.symbols,/Users/anmijung/Desktop/TalkBingo/app/.dart_tool/flutter_build/fb9393a796aa413117491e50c235be6e/canvaskit/canvaskit.js.symbols,/Users/anmijung/Desktop/TalkBingo/app/.dart_tool/flutter_build/fb9393a796aa413117491e50c235be6e/canvaskit/skwasm_heavy.js.symbols,/Users/anmijung/Desktop/TalkBingo/app/.dart_tool/flutter_build/fb9393a796aa413117491e50c235be6e/canvaskit/skwasm.wasm,/Users/anmijung/Desktop/TalkBingo/app/.dart_tool/flutter_build/fb9393a796aa413117491e50c235be6e/canvaskit/chromium/canvaskit.js.symbols,/Users/anmijung/Desktop/TalkBingo/app/.dart_tool/flutter_build/fb9393a796aa413117491e50c235be6e/canvaskit/chromium/canvaskit.js,/Users/anmijung/Desktop/TalkBingo/app/.dart_tool/flutter_build/fb9393a796aa413117491e50c235be6e/canvaskit/chromium/canvaskit.wasm,/Users/anmijung/Desktop/TalkBingo/app/.dart_tool/flutter_build/fb9393a796aa413117491e50c235be6e/canvaskit/canvaskit.js,/Users/anmijung/Desktop/TalkBingo/app/.dart_tool/flutter_build/fb9393a796aa413117491e50c235be6e/canvaskit/canvaskit.wasm,/Users/anmijung/Desktop/TalkBingo/app/.dart_tool/flutter_build/fb9393a796aa413117491e50c235be6e/canvaskit/skwasm_heavy.wasm}
[ +449 ms] web_static_assets: Complete
[   +1 ms] dart2js: Starting due to {InvalidatedReasonKind.buildKeyChanged: The target build key changed., InvalidatedReasonKind.outputSetAddition: The following outputs were added to the output set: /Users/anmijung/Desktop/TalkBingo/app/.dart_tool/flutter_build/fb9393a796aa413117491e50c235be6e/main.dart.js}
[   +2 ms] executing: /Users/anmijung/Desktop/TalkBingo/app/flutter/bin/cache/dart-sdk/bin/dart compile js --platform-binaries=/Users/anmijung/Desktop/TalkBingo/app/flutter/bin/cache/flutter_web_sdk/kernel --invoker=flutter_tool -Ddart.vm.product=true -DFLUTTER_VERSION=3.38.5 -DFLUTTER_CHANNEL=stable -DFLUTTER_GIT_URL=https://github.com/flutter/flutter.git -DFLUTTER_FRAMEWORK_REVISION=f6ff1529fd -DFLUTTER_ENGINE_REVISION=1527ae0ec5 -DFLUTTER_DART_VERSION=3.10.4 -DFLUTTER_WEB_USE_SKIA=true -DFLUTTER_WEB_USE_SKWASM=false -DFLUTTER_WEB_CANVASKIT_URL=https://www.gstatic.com/flutter-canvaskit/1527ae0ec577a4ef50e65f6fefcfc1326707d9bf/ --native-null-assertions --no-source-maps -O4 --minify -o /Users/anmijung/Desktop/TalkBingo/app/.dart_tool/flutter_build/fb9393a796aa413117491e50c235be6e/app.dill --packages=/Users/anmijung/Desktop/TalkBingo/app/.dart_tool/package_config.json --cfe-only /Users/anmijung/Desktop/TalkBingo/app/.dart_tool/flutter_build/fb9393a796aa413117491e50c235be6e/main.dart
[        ] dart2wasm: Starting due to {}
[        ] executing: /Users/anmijung/Desktop/TalkBingo/app/flutter/bin/cache/dart-sdk/bin/dart compile wasm --packages=/Users/anmijung/Desktop/TalkBingo/app/.dart_tool/package_config.json --extra-compiler-option=--platform=/Users/anmijung/Desktop/TalkBingo/app/flutter/bin/cache/flutter_web_sdk/kernel/dart2wasm_platform.dill -Ddart.vm.profile=false -Ddart.vm.product=true --extra-compiler-option=--delete-tostring-package-uri=dart:ui --extra-compiler-option=--delete-tostring-package-uri=package:flutter --extra-compiler-option=--import-shared-memory --extra-compiler-option=--shared-memory-max-pages=32768 -DFLUTTER_VERSION=3.38.5 -DFLUTTER_CHANNEL=stable -DFLUTTER_GIT_URL=https://github.com/flutter/flutter.git -DFLUTTER_FRAMEWORK_REVISION=f6ff1529fd -DFLUTTER_ENGINE_REVISION=1527ae0ec5 -DFLUTTER_DART_VERSION=3.10.4 -DFLUTTER_WEB_USE_SKIA=false -DFLUTTER_WEB_USE_SKWASM=true -DFLUTTER_WEB_CANVASKIT_URL=https://www.gstatic.com/flutter-canvaskit/1527ae0ec577a4ef50e65f6fefcfc1326707d9bf/ --extra-compiler-option=--depfile=/Users/anmijung/Desktop/TalkBingo/app/.dart_tool/flutter_build/fb9393a796aa413117491e50c235be6e/dart2wasm.d -O2 --strip-wasm --no-source-maps --minify --extra-compiler-option=--dry-run -o /Users/anmijung/Desktop/TalkBingo/app/.dart_tool/flutter_build/fb9393a796aa413117491e50c235be6e/main.dart.wasm /Users/anmijung/Desktop/TalkBingo/app/.dart_tool/flutter_build/fb9393a796aa413117491e50c235be6e/main.dart
[  +12 ms] web_templated_files: Complete
[+4644 ms] lib/screens/invite_code_screen.dart:95:57:
           Error: Not a constant expression.
                           MaterialPageRoute(builder: (_) => const SignupScreen()), // Ensure SignupScreen import
                                                                   ^^^^^^^^^^^^
           Error: Compilation failed.
[+13443 ms] Wasm dry run succeeded. Consider building and testing your application with the `--wasm` flag. See docs for more info: https://docs.flutter.dev/platform-integration/web/wasm
[   +1 ms] Use --no-wasm-dry-run to disable these warnings.
[  +14 ms] dart2wasm: Complete
[   +1 ms] Persisting file store
[   +4 ms] Done persisting file store
[   +1 ms] Target dart2js failed: ProcessException: Process exited abnormally with exit code 1:
           lib/screens/invite_code_screen.dart:95:57:
           Error: Not a constant expression.
                           MaterialPageRoute(builder: (_) => const SignupScreen()), // Ensure SignupScreen import
                                                                   ^^^^^^^^^^^^
           Error: Compilation failed.
             Command: /Users/anmijung/Desktop/TalkBingo/app/flutter/bin/cache/dart-sdk/bin/dart compile js --platform-binaries=/Users/anmijung/Desktop/TalkBingo/app/flutter/bin/cache/flutter_web_sdk/kernel --invoker=flutter_tool -Ddart.vm.product=true -DFLUTTER_VERSION=3.38.5 -DFLUTTER_CHANNEL=stable -DFLUTTER_GIT_URL=https://github.com/flutter/flutter.git -DFLUTTER_FRAMEWORK_REVISION=f6ff1529fd -DFLUTTER_ENGINE_REVISION=1527ae0ec5 -DFLUTTER_DART_VERSION=3.10.4 -DFLUTTER_WEB_USE_SKIA=true -DFLUTTER_WEB_USE_SKWASM=false -DFLUTTER_WEB_CANVASKIT_URL=https://www.gstatic.com/flutter-canvaskit/1527ae0ec577a4ef50e65f6fefcfc1326707d9bf/ --native-null-assertions --no-source-maps -O4 --minify -o /Users/anmijung/Desktop/TalkBingo/app/.dart_tool/flutter_build/fb9393a796aa413117491e50c235be6e/app.dill --packages=/Users/anmijung/Desktop/TalkBingo/app/.dart_tool/package_config.json --cfe-only /Users/anmijung/Desktop/TalkBingo/app/.dart_tool/flutter_build/fb9393a796aa413117491e50c235be6e/main.dart
           #0      RunResult.throwException (package:flutter_tools/src/base/process.dart:153:5)
           #1      _DefaultProcessUtils.run (package:flutter_tools/src/base/process.dart:379:19)
           <asynchronous suspension>
           #2      Dart2JSTarget.build (package:flutter_tools/src/build_system/targets/web.dart:207:5)
           <asynchronous suspension>
           #3      _BuildInstance._invokeInternal (package:flutter_tools/src/build_system/build_system.dart:895:9)
           <asynchronous suspension>
           #4      Future.wait.<anonymous closure> (dart:async/future.dart:546:21)
           <asynchronous suspension>
           #5      _BuildInstance.invokeTarget (package:flutter_tools/src/build_system/build_system.dart:833:32)
           <asynchronous suspension>
           #6      Future.wait.<anonymous closure> (dart:async/future.dart:546:21)
           <asynchronous suspension>
           #7      _BuildInstance.invokeTarget (package:flutter_tools/src/build_system/build_system.dart:833:32)
           <asynchronous suspension>
           #8      FlutterBuildSystem.build (package:flutter_tools/src/build_system/build_system.dart:653:16)
           <asynchronous suspension>
           #9      WebBuilder.buildWeb (package:flutter_tools/src/web/compile.dart:94:34)
           <asynchronous suspension>
           #10     BuildWebCommand.runCommand (package:flutter_tools/src/commands/build_web.dart:296:5)
           <asynchronous suspension>
           #11     FlutterCommand.run.<anonymous closure> (package:flutter_tools/src/runner/flutter_command.dart:1559:27)
           <asynchronous suspension>
           #12     AppContext.run.<anonymous closure> (package:flutter_tools/src/base/context.dart:154:19)
           <asynchronous suspension>
           #13     CommandRunner.runCommand (package:args/command_runner.dart:212:13)
           <asynchronous suspension>
           #14     FlutterCommandRunner.runCommand.<anonymous closure> (package:flutter_tools/src/runner/flutter_command_runner.dart:487:9)
           <asynchronous suspension>
           #15     AppContext.run.<anonymous closure> (package:flutter_tools/src/base/context.dart:154:19)
           <asynchronous suspension>
           #16     FlutterCommandRunner.runCommand (package:flutter_tools/src/runner/flutter_command_runner.dart:422:5)
           <asynchronous suspension>
           #17     run.<anonymous closure>.<anonymous closure> (package:flutter_tools/runner.dart:104:11)
           <asynchronous suspension>
           #18     AppContext.run.<anonymous closure> (package:flutter_tools/src/base/context.dart:154:19)
           <asynchronous suspension>
           #19     main (package:flutter_tools/executable.dart:103:3)
           <asynchronous suspension>

[        ] Compiling lib/main.dart for the Web... (completed in 18.6s)
[        ] "flutter web" took 18,927ms.
[   +2 ms] executing: sw_vers -productName
[  +10 ms] Exit code 0 from: sw_vers -productName
[        ] macOS
[        ] executing: sw_vers -productVersion
[   +7 ms] Exit code 0 from: sw_vers -productVersion
[        ] 15.3.1
[        ] executing: sw_vers -buildVersion
[   +7 ms] Exit code 0 from: sw_vers -buildVersion
[        ] 24D70
[        ] executing: uname -m
[   +2 ms] Exit code 0 from: uname -m
[        ] arm64
[  +20 ms] Error: Failed to compile application for the Web.
[        ] 
           #0      throwToolExit (package:flutter_tools/src/base/common.dart:34:3)
           #1      WebBuilder.buildWeb (package:flutter_tools/src/web/compile.dart:137:7)
           <asynchronous suspension>
           #2      BuildWebCommand.runCommand (package:flutter_tools/src/commands/build_web.dart:296:5)
           <asynchronous suspension>
           #3      FlutterCommand.run.<anonymous closure> (package:flutter_tools/src/runner/flutter_command.dart:1559:27)
           <asynchronous suspension>
           #4      AppContext.run.<anonymous closure> (package:flutter_tools/src/base/context.dart:154:19)
           <asynchronous suspension>
           #5      CommandRunner.runCommand (package:args/command_runner.dart:212:13)
           <asynchronous suspension>
           #6      FlutterCommandRunner.runCommand.<anonymous closure> (package:flutter_tools/src/runner/flutter_command_runner.dart:487:9)
           <asynchronous suspension>
           #7      AppContext.run.<anonymous closure> (package:flutter_tools/src/base/context.dart:154:19)
           <asynchronous suspension>
           #8      FlutterCommandRunner.runCommand (package:flutter_tools/src/runner/flutter_command_runner.dart:422:5)
           <asynchronous suspension>
           #9      run.<anonymous closure>.<anonymous closure> (package:flutter_tools/runner.dart:104:11)
           <asynchronous suspension>
           #10     AppContext.run.<anonymous closure> (package:flutter_tools/src/base/context.dart:154:19)
           <asynchronous suspension>
           #11     main (package:flutter_tools/executable.dart:103:3)
           <asynchronous suspension>


[        ] Running 1 shutdown hook
[        ] Shutdown hooks complete
[ +128 ms] exiting with code 1
